<?xml version="1.0" encoding="UTF-8" ?>
<testsuites errors="1"
            failures="1"
            tests="9">

  <testsuite name="goOneTest"
    errors="1" failures="1" hostname="" id="" package="goOneTest" skipped="4"
    tests="9" time="143.2" timestamp="">
  
    <testcase name="Verify that the elements of LoginPage are visible" classname="goOneTest" time="1.179" assertions="2">

    

    
    </testcase>
  
    <testcase name="Verify &#34;Go1Percent&#34; logo, carousel images, carousel caption and the footer message (TC-337) - Version1" classname="goOneTest" time="0.7130" assertions="6">

    

    

    

    

    

    
    </testcase>
  
    <testcase name="Verify that tag line with text &#34;Get 1% Better Everyday&#34; is displayed (TC-338) - Version1" classname="goOneTest" time="0.02300" assertions="1">

    
    </testcase>
  
    <testcase name="Verify that carousel image changes while clicking on carousel button (TC-339) - Version1 " classname="goOneTest" time="0.2660" assertions="3">

    

    

    
    </testcase>
  
    <testcase name="Verify that specific text between login options is present on the web page (TC-341) - Version1" classname="goOneTest" time="0.1460" assertions="2">

    

    
    </testcase>
  
    <testcase name="Verify that login page heading contains text &#34;Sign in to Go 1%&#34; is displayed (TC-340) - Version1" classname="goOneTest" time="0.03800" assertions="2">

    

    
    </testcase>
  
    <testcase name="Verify that clicking on the Microsoft logo redirects to the Microsoft login page (TC-342) - Version1" classname="goOneTest" time="1.423" assertions="2">

    

    
    </testcase>
  
    <testcase name="Verify that login fails with invalid credentials and an alert message is displayed (TC-343) - Version1" classname="goOneTest" time="0.3230" assertions="1">

    
    </testcase>
  
    <testcase name="Verify remember me checkbox is selected during login (TC-345) - Version1 " classname="goOneTest" time="64.02" assertions="1">  <failure message="Expected element &lt;#rememberMe&gt; to be selected in 100ms - element was not found - expected &#34;selected&#34; but got: &#34;not found&#34; (530ms)">    at DescribeInstance.&lt;anonymous&gt; (/home/nashtech/Desktop/nwAdvance/tests/goOneTest.js:74:20)</failure>

    
    <error message="Unable to locate element: #rememberMe using css selector" type="error"><![CDATA[
    NoSuchElementError: Unable to locate element: #rememberMe using css selector
    at throwDecodedError (/home/nashtech/Desktop/nwAdvance/node_modules/selenium-webdriver/lib/error.js:524:15)
    at GeckoDriver.handleErrorResponse (/home/nashtech/Desktop/nwAdvance/node_modules/nightwatch/lib/transport/selenium-webdriver/index.js:400:7)
    at TransportActions.makeResult (/home/nashtech/Desktop/nwAdvance/node_modules/nightwatch/lib/transport/selenium-webdriver/actions.js:85:20)
    at Object.locateMultipleElements (/home/nashtech/Desktop/nwAdvance/node_modules/nightwatch/lib/transport/selenium-webdriver/actions.js:71:21)
    at processTicksAndRejections (node:internal/process/task_queues:96:5)
    at async LocateElement.findElement (/home/nashtech/Desktop/nwAdvance/node_modules/nightwatch/lib/element/locator.js:167:20)
    ]]></error>
    
    </testcase>
  

  
    <system-err>
       NoSuchElementError
   An element could not be located on the page using the given search parameters.

    Try fixing by :
    1. Please inspect the html before the step
    2. Verify if an element with the mentioned selector is present in the DOM tree
    </system-err>
  

    

  
    
    <testcase
      name="Verify the forgot Password functionality (TC-346) - Version1" classname="goOneTest">
      <skipped />
    </testcase>
    
    <testcase
      name="Verify clicking on the &#34;Terms of Use&#34; link opens a new page with the terms of use " classname="goOneTest">
      <skipped />
    </testcase>
    
    <testcase
      name="Verify clicking on the &#34;privacy Policy&#34; link opens a new page with the terms of use " classname="goOneTest">
      <skipped />
    </testcase>
    
    <testcase
      name="Verify successful login with valid credentials (TC-344)" classname="goOneTest">
      <skipped />
    </testcase>
    
  
  </testsuite>
</testsuites>
